<?xml version="1.0" encoding="UTF-8"?>
<!-- Generated by org.testng.reporters.JUnitReportReporter -->
<testsuite hostname="DESKTOP-QSOMC3F" failures="0" tests="1" name="com.automationpractice.signUp" time="2.551" errors="0" timestamp="2021-01-16T03:33:02 EET" skipped="0">
  <testcase classname="com.automationpractice.signUp" name="happyScenario" time="2.551"/>
  <system-out/>
</testsuite> <!-- com.automationpractice.signUp -->
